Arguments: 
  /usr/local/share/nvm/versions/node/v20.11.1/bin/node /usr/share/yarn/bin/yarn.js install

PATH: 
  /usr/local/rvm/gems/ruby-3.2.3/bin:/usr/local/rvm/gems/ruby-3.2.3@global/bin:/usr/local/rvm/rubies/ruby-3.2.3/bin:/vscode/bin/linux-x64/863d2581ecda6849923a2118d93a088b0745d9d6/bin/remote-cli:/home/codespace/.local/bin:/home/codespace/.dotnet:/home/codespace/nvm/current/bin:/home/codespace/.php/current/bin:/home/codespace/.python/current/bin:/home/codespace/java/current/bin:/home/codespace/.ruby/current/bin:/home/codespace/.local/bin:/usr/local/python/current/bin:/usr/local/py-utils/bin:/usr/local/oryx:/usr/local/go/bin:/go/bin:/usr/local/sdkman/bin:/usr/local/sdkman/candidates/java/current/bin:/usr/local/sdkman/candidates/gradle/current/bin:/usr/local/sdkman/candidates/maven/current/bin:/usr/local/sdkman/candidates/ant/current/bin:/usr/local/rvm/gems/default/bin:/usr/local/rvm/gems/default@global/bin:/usr/local/rvm/rubies/default/bin:/usr/local/share/rbenv/bin:/usr/local/php/current/bin:/opt/conda/bin:/usr/local/nvs:/usr/local/share/nvm/versions/node/v20.11.1/bin:/usr/local/hugo/bin:/usr/local/sbin:/usr/local/bin:/usr/sbin:/usr/bin:/sbin:/bin:/usr/share/dotnet:/home/codespace/.dotnet/tools:/usr/local/rvm/bin

Yarn version: 
  1.22.19

Node version: 
  20.11.1

Platform: 
  linux x64

Trace: 
  SyntaxError: /workspaces/myblog/package.json: Expected double-quoted property name in JSON at position 345
      at JSON.parse (<anonymous>)
      at /usr/share/yarn/lib/cli.js:1629:59
      at Generator.next (<anonymous>)
      at step (/usr/share/yarn/lib/cli.js:310:30)
      at /usr/share/yarn/lib/cli.js:321:13

npm manifest: 
  {
    "name": "myblog",
    "version": "1.0.0",
    "description": "My blog",
    "main": "index.js",
    "scripts": {
      "test": "echo \"Error: no test specified\" && exit 1"
    },
    "author": "",
    "license": "ISC",
    "devDependencies": {
      "autoprefixer": "^10.4.18",
      "postcss": "^8.4.35",
      "tailwindcss": "^3.4.1",
      "cssnano": "^5.1.8",
    }
  }

yarn manifest: 
  No manifest

Lockfile: 
  No lockfile
